[11:21:10.478] [INFO] Storybook Upgrade - v9.0.17
[11:21:10.482] [INFO] detect-projects-spinner-start: Detecting projects...
[11:21:10.483] [DEBUG] Finding Storybook projects...
[11:21:10.650] [DEBUG] Found 1 Storybook projects
[11:21:10.650] [INFO] detect-projects-spinner: Detecting projects: 1 projects
[11:21:10.651] [DEBUG] Getting Storybook data...
[11:21:10.651] [DEBUG] Getting Storybook info...
[11:21:10.651] [DEBUG] Loading main config...
[11:21:10.682] [DEBUG] Getting stories paths...
[11:21:10.690] [DEBUG] Getting package manager...
[11:21:10.990] [DEBUG] Getting Storybook version...
[11:21:10.990] [DEBUG] /.storybook - Validating before version... 8.6.14
[11:21:10.990] [DEBUG] /.storybook - Validating upgrade compatibility...
[11:21:10.990] [DEBUG] /.storybook - Fetching NPM version information...
[11:21:10.990] [DEBUG] Getting CLI versions from NPM for storybook...
[11:21:10.992] [DEBUG] Getting CLI versions from NPM for storybook@next...
[11:21:11.950] [DEBUG] /.storybook - Evaluating blockers...
[11:21:11.952] [DEBUG] Getting installed version for @storybook/experimental-addon-test...
[11:21:12.322] [INFO] detect-projects-spinner-stop: 1 project detected
[11:21:12.323] [DEBUG] Found 1 valid projects and 0 error projects
[11:21:12.323] [INFO] Upgrading from 8.6.14 to 9.0.17
[11:21:12.325] [INFO] upgrade-dependencies-task-start: Fetching versions to update package.json files..
[11:21:12.325] [DEBUG] Updating dependencies in /.storybook...
[11:21:12.326] [INFO] upgrade-dependencies-task: /package.json
[11:21:12.326] [DEBUG] {
  "upgradedDependencies": []
}
[11:21:12.326] [DEBUG] {
  "upgradedDevDependencies": [
    "@storybook/addon-links@^9.0.17",
    "@storybook/nextjs@^9.0.17",
    "@storybook/react@^9.0.17",
    "eslint-plugin-storybook@^9.0.17",
    "storybook@^9.0.17"
  ]
}
[11:21:12.326] [DEBUG] {
  "upgradedPeerDependencies": []
}
[11:21:12.327] [DEBUG] Getting CLI versions from NPM for @storybook/addon-links...
[11:21:12.585] [DEBUG] Getting CLI versions from NPM for @storybook/nextjs...
[11:21:12.838] [DEBUG] Getting CLI versions from NPM for @storybook/react...
[11:21:13.090] [DEBUG] Getting CLI versions from NPM for eslint-plugin-storybook...
[11:21:13.287] [DEBUG] Using cached version for storybook...
[11:21:13.288] [INFO] upgrade-dependencies-task-success: Updated package versions in package.json files
[11:21:13.288] [INFO] detect-automigrations-task-start: Detecting automigrations...
[11:21:13.288] [DEBUG] Starting automigration collection across 1 projects and 15 fixes...
[11:21:13.289] [INFO] detect-automigrations-task: Checking automigrations for /.storybook...
[11:21:13.290] [DEBUG] Processing project: /.storybook
[11:21:13.290] [DEBUG] Checking fix eslintPlugin for project /.storybook...
[11:21:13.291] [DEBUG] Checking fix addon-mdx-gfm-remove for project /.storybook...
[11:21:13.291] [DEBUG] Checking fix addon-storysource-code-panel for project /.storybook...
[11:21:13.291] [DEBUG] Checking fix upgrade-storybook-related-dependencies for project /.storybook...
[11:21:13.291] [DEBUG] Checking for incompatible storybook packages...
[11:21:13.294] [DEBUG] Getting installed version for @storybook/manager-api...
[11:21:13.295] [DEBUG] Getting installed version for @storybook/addon-essentials...
[11:21:13.296] [DEBUG] Getting installed version for @storybook/addon-interactions...
[11:21:13.296] [DEBUG] Getting installed version for @storybook/addon-styling-webpack...
[11:21:13.297] [DEBUG] Getting installed version for @storybook/blocks...
[11:21:13.297] [DEBUG] Getting installed version for @storybook/preview-api...
[11:21:13.298] [DEBUG] Getting installed version for @storybook/test...
[11:21:13.299] [DEBUG] Getting installed version for storybook-dark-mode...
[11:21:14.133] [DEBUG] An issue occurred while trying to find dependencies metadata using npm.
[11:21:14.133] [DEBUG] Getting CLI versions from NPM for @storybook/test...
[11:21:14.155] [DEBUG] An issue occurred while trying to find dependencies metadata using npm.
[11:21:14.155] [DEBUG] Getting CLI versions from NPM for @storybook/addon-styling-webpack...
[11:21:14.159] [DEBUG] An issue occurred while trying to find dependencies metadata using npm.
[11:21:14.159] [DEBUG] Getting CLI versions from NPM for @storybook/manager-api...
[11:21:14.162] [DEBUG] An issue occurred while trying to find dependencies metadata using npm.
[11:21:14.162] [DEBUG] Getting CLI versions from NPM for @storybook/blocks...
[11:21:14.168] [DEBUG] An issue occurred while trying to find dependencies metadata using npm.
[11:21:14.168] [DEBUG] Getting CLI versions from NPM for @storybook/preview-api...
[11:21:14.178] [DEBUG] An issue occurred while trying to find dependencies metadata using npm.
[11:21:14.178] [DEBUG] Getting CLI versions from NPM for @storybook/addon-essentials...
[11:21:14.180] [DEBUG] An issue occurred while trying to find dependencies metadata using npm.
[11:21:14.180] [DEBUG] Getting CLI versions from NPM for storybook-dark-mode...
[11:21:14.184] [DEBUG] An issue occurred while trying to find dependencies metadata using npm.
[11:21:14.184] [DEBUG] Getting CLI versions from NPM for @storybook/addon-interactions...
[11:21:15.464] [DEBUG] Checking fix initial-globals for project /.storybook...
[11:21:15.484] [DEBUG] Checking fix addon-a11y-addon-test for project /.storybook...
[11:21:15.484] [DEBUG] Checking fix consolidated-imports for project /.storybook...
[11:21:15.485] [DEBUG] Checking fix addon-experimental-test for project /.storybook...
[11:21:15.485] [DEBUG] Using cached installed version for @storybook/experimental-addon-test...
[11:21:15.485] [DEBUG] Checking fix rnstorybook-config for project /.storybook...
[11:21:15.485] [DEBUG] Checking fix remove-addon-interactions for project /.storybook...
[11:21:15.485] [DEBUG] Checking fix renderer-to-framework for project /.storybook...
[11:21:15.485] [DEBUG] Checking fix remove-essential-addons for project /.storybook...
[11:21:15.486] [DEBUG] Checking fix addon-a11y-parameters for project /.storybook...
[11:21:15.486] [DEBUG] Checking fix remove-docs-autodocs for project /.storybook...
[11:21:15.489] [DEBUG] Checking fix wrap-require for project /.storybook...
[11:21:15.493] [INFO] detect-automigrations-task: 
Automigrations detected:
[11:21:15.495] [INFO] detect-automigrations-task: ✔ consolidated-imports
[11:21:15.497] [INFO] detect-automigrations-task: ✔ remove-addon-interactions
[11:21:15.499] [INFO] detect-automigrations-task: ✔ renderer-to-framework
[11:21:15.501] [INFO] detect-automigrations-task: ✔ remove-essential-addons
[11:21:15.502] [INFO] detect-automigrations-task: ✔ remove-docs-autodocs
[11:21:15.503] [INFO] detect-automigrations-task-success: 5 automigration(s) detected
[11:21:37.383] [PROMPT] Select automigrations to run {"choice":["consolidated-imports","remove-addon-interactions","renderer-to-framework","remove-essential-addons","remove-docs-autodocs"]}
[11:21:37.384] [INFO] automigrate-/.storybook-task-start: Running automigrations for /.storybook
[11:21:37.405] [INFO] automigrate-/.storybook-task: ✔ consolidated-imports
[11:21:37.410] [DEBUG] Uninstalling @storybook/addon-interactions
[11:21:37.414] [INFO] automigrate-/.storybook-task: ✔ remove-addon-interactions
[11:21:37.414] [DEBUG] 
Migrating @storybook/react to @storybook/nextjs
[11:21:37.419] [DEBUG] Updating package.json files...
[11:21:37.422] [INFO] automigrate-/.storybook-task: ✔ renderer-to-framework
[11:21:37.425] [DEBUG] Uninstalling @storybook/addon-essentials
[11:21:37.425] [DEBUG] Removing '@storybook/addon-essentials' from main.js addons field.
[11:21:37.431] [DEBUG] Getting Storybook info...
[11:21:37.431] [DEBUG] Loading main config...
[11:21:37.437] [DEBUG] Getting stories paths...
[11:21:37.437] [DEBUG] Getting package manager...
[11:21:37.449] [DEBUG] Getting Storybook version...
[11:21:37.452] [INFO] automigrate-/.storybook-task: Verifying @storybook/addon-docs
[11:21:37.454] [INFO] automigrate-/.storybook-task: Installing @storybook/addon-docs@^9.0.17
[11:21:37.454] [DEBUG] Getting CLI versions from NPM for @storybook/addon-docs...
[11:21:37.891] [INFO] automigrate-/.storybook-task: Adding '@storybook/addon-docs' to the "addons" field in
/workspaces/medreporter/.storybook/main.ts
[11:21:37.901] [INFO] automigrate-/.storybook-task: ✔ remove-essential-addons
[11:21:37.903] [INFO] automigrate-/.storybook-task: 🔄 Updating docs parameter in main config file...
[11:21:37.907] [INFO] automigrate-/.storybook-task: ✔ remove-docs-autodocs
[11:21:37.907] [INFO] automigrate-/.storybook-task-success: Completed automigrations for /.storybook
[11:21:37.907] [INFO] Installing dependencies...
[11:21:37.907] [INFO] install-dependencies-task-start: Installing dependencies...
[11:21:52.491] [INFO] added 17 packages, removed 49 packages, changed 21 packages, and audited 1500 packages in 15s
[11:21:52.493] [INFO] install-dependencies-task: added 17 packages, removed 49 packages, changed 21 packages, and audited 1500
packages in 15s
[11:21:52.494] [INFO] 405 packages are looking for funding
  run `npm fund` for details

found 0 vulnerabilities
[11:21:52.495] [INFO] install-dependencies-task: 405 packages are looking for funding
run `npm fund` for details

found 0 vulnerabilities
[11:21:52.498] [INFO] Dependencies installed
[11:21:52.498] [INFO] install-dependencies-task-success: Dependencies installed
[11:21:52.499] [INFO] Checking the health of your project(s)..
[11:21:52.925] [WARN] /.storybook: 1 issue found
[11:21:52.927] [INFO] You are currently using Storybook 9.0.17 but you have packages which are incompatible with it:

- @storybook/addon-styling-webpack@1.0.1 which depends on ^8.0.0-alpha.10
- storybook-dark-mode@4.0.2 which depends on ^8.0.0

Please consider updating your packages or contacting the maintainers for compatibility details.

For more on Storybook 9 compatibility, see the linked GitHub issue:
https://github.com/storybookjs/storybook/issues/30944
[11:21:52.927] [INFO] Incompatible Packages
[11:21:52.929] [INFO] You are currently using Storybook 9.0.17 but you have packages which are incompatible with it:

- @storybook/addon-styling-webpack@1.0.1 which depends on ^8.0.0-alpha.10
- storybook-dark-mode@4.0.2 which depends on ^8.0.0

Please consider updating your packages or contacting the maintainers for compatibility details.

For more on Storybook 9 compatibility, see the linked GitHub issue:
https://github.com/storybookjs/storybook/issues/30944
[11:21:52.930] [INFO] Storybook doctor is complete!
[11:21:52.932] [INFO] You can always recheck the health of your project(s) by running:
npx storybook doctor
[11:21:52.933] [INFO] The upgrade is complete!
[11:21:52.935] [INFO] Your project(s) have been upgraded successfully, but some issues were found which need your attention, please check Storybook doctor logs above.
[11:21:52.943] [INFO] If you want to learn more about the automigrations that executed in your project(s), please check the following links:

• consolidated-imports
• remove-addon-interactions
• renderer-to-framework
• remove-essential-addons
• remove-docs-autodocs
[11:21:52.944] [INFO] For a full list of changes, please check our migration guide: https://storybook.js.org/docs/migration-guide
[11:21:52.946] [INFO] Attention: Storybook now collects completely anonymous telemetry regarding usage. This information is used to shape Storybook's roadmap and prioritize features.
[11:21:52.947] [INFO] You can learn more, including how to opt-out if you'd not like to participate in this anonymous program, by visiting the following URL:
[11:21:52.949] [INFO] https://storybook.js.org/telemetry
[11:21:52.951] [INFO] 